#-----------------------------------------------------------
# PlanAhead v14.7 (64-bit)
# Build 321239 by xbuild on Fri Sep 27 19:29:51 MDT 2013
# Start of session at: Wed May 03 09:04:41 2017
# Process ID: 9700
# Log file: C:/Users/Mathieu/Desktop/projet_stage_ete2017/modules_controle_board/planAhead_run_1/planAhead.log
# Journal file: C:/Users/Mathieu/Desktop/projet_stage_ete2017/modules_controle_board/planAhead_run_1/planAhead.jou
#-----------------------------------------------------------
INFO: [Common 17-78] Attempting to get a license: PlanAhead
INFO: [Common 17-290] Got license for PlanAhead
INFO: [Device 21-36] Loading parts and site information from C:/Xilinx/14.7/ISE_DS/PlanAhead/data/parts/arch.xml
Parsing RTL primitives file [C:/Xilinx/14.7/ISE_DS/PlanAhead/data/parts/xilinx/rtl/prims/rtl_prims.xml]
Finished parsing RTL primitives file [C:/Xilinx/14.7/ISE_DS/PlanAhead/data/parts/xilinx/rtl/prims/rtl_prims.xml]
start_gui
source C:/Users/Mathieu/Desktop/projet_stage_ete2017/modules_controle_board/pa.fromNetlist.tcl
# create_project -name modules_controle_board -dir "C:/Users/Mathieu/Desktop/projet_stage_ete2017/modules_controle_board/planAhead_run_1" -part xc6slx9tqg144-2
# set_property design_mode GateLvl [get_property srcset [current_run -impl]]
# set_property edif_top_file "C:/Users/Mathieu/Desktop/projet_stage_ete2017/modules_controle_board/controle_spi_potentiostat.ngc" [ get_property srcset [ current_run ] ]
# add_files -norecurse { {C:/Users/Mathieu/Desktop/projet_stage_ete2017/modules_controle_board} }
# set_param project.pinAheadLayout  yes
# set_property target_constrs_file "controle_spi_potentiostat.ucf" [current_fileset -constrset]
Adding file 'C:/Users/Mathieu/Desktop/projet_stage_ete2017/modules_controle_board/controle_spi_potentiostat.ucf' to fileset 'constrs_1'
# add_files [list {controle_spi_potentiostat.ucf}] -fileset [get_property constrset [current_run]]
# link_design
Design is defaulting to srcset: sources_1
Design is defaulting to constrset: constrs_1
Design is defaulting to project part: xc6slx9tqg144-2
Release 14.7 - ngc2edif P.20131013 (nt64)
Copyright (c) 1995-2013 Xilinx, Inc.  All rights reserved.
Reading design controle_spi_potentiostat.ngc ...
WARNING:NetListWriters:298 - No output is written to
   controle_spi_potentiostat.xncf, ignored.
Processing design ...
   Preping design's networks ...
   Preping design's macros ...
  finished :Prep
Writing EDIF netlist file controle_spi_potentiostat.edif ...
ngc2edif: Total memory usage is 84056 kilobytes

Parsing EDIF File [./planAhead_run_1/modules_controle_board.data/cache/controle_spi_potentiostat_ngc_zx.edif]
Finished Parsing EDIF File [./planAhead_run_1/modules_controle_board.data/cache/controle_spi_potentiostat_ngc_zx.edif]
INFO: [Common 17-41] Interrupt caught. Command should exit soon.
Loading clock regions from C:/Xilinx/14.7/ISE_DS/PlanAhead/data\parts/xilinx/spartan6/spartan6lx/xc6slx9/ClockRegion.xml
Loading clock buffers from C:/Xilinx/14.7/ISE_DS/PlanAhead/data\parts/xilinx/spartan6/spartan6lx/xc6slx9/ClockBuffers.xml
Loading package pin functions from C:/Xilinx/14.7/ISE_DS/PlanAhead/data\parts/xilinx/spartan6/PinFunctions.xml...
Loading package from C:/Xilinx/14.7/ISE_DS/PlanAhead/data\parts/xilinx/spartan6/spartan6lx/xc6slx9/tqg144/Package.xml
Loading io standards from C:/Xilinx/14.7/ISE_DS/PlanAhead/data\./parts/xilinx/spartan6/IOStandards.xml
Loading device configuration modes from C:/Xilinx/14.7/ISE_DS/PlanAhead/data\parts/xilinx/spartan6/ConfigModes.xml
Loading list of drcs for the architecture : C:/Xilinx/14.7/ISE_DS/PlanAhead/data\./parts/xilinx/spartan6/drc.xml
link_design: Time (s): elapsed = 00:00:06 . Memory (MB): peak = 516.695 ; gain = 92.277
INFO: [Common 17-344] 'link_design' was cancelled
INFO: [Common 17-344] 'source' was cancelled
exit
ERROR: [PlanAhead 12-106] *** Exception: ui.h.b: Found deleted key in HTclEventBroker. Verify if the classes listed here call cleanup()
HTclEvent: SIGNAL_BUS_MODIFY   Classes: ui.views.aR 
HTclEvent: DEBUG_CORE_CONFIG_CHANGE   Classes: ui.views.aR 
HTclEvent: SIGNAL_MODIFY   Classes: ui.views.aR 
HTclEvent: DEBUG_PORT_CONFIG_CHANGE   Classes: ui.views.aR 
 (See C:/Users/Mathieu/Desktop/projet_stage_ete2017/modules_controle_board\planAhead_pid9700.debug)
ERROR: [Common 17-39] 'stop_gui' failed due to earlier errors.
INFO: [Common 17-206] Exiting PlanAhead at Wed May 03 09:05:20 2017...
INFO: [Common 17-83] Releasing license: PlanAhead
