Release 14.7 - ngc2edif P.20131013 (nt64)
Copyright (c) 1995-2013 Xilinx, Inc.  All rights reserved.
Reading design controle_spi_potentiostat.ngc ...
WARNING:NetListWriters:298 - No output is written to
   controle_spi_potentiostat.xncf, ignored.
Processing design ...
   Preping design's networks ...
   Preping design's macros ...
  finished :Prep
Writing EDIF netlist file controle_spi_potentiostat.edif ...
ngc2edif: Total memory usage is 84056 kilobytes

Release 14.7 - ngc2edif P.20131013 (nt64)
Copyright (c) 1995-2013 Xilinx, Inc.  All rights reserved.
Reading design controle_spi_potentiostat.ngc ...
WARNING:NetListWriters:298 - No output is written to
   controle_spi_potentiostat.xncf, ignored.
Processing design ...
   Preping design's networks ...
   Preping design's macros ...
  finished :Prep
Writing EDIF netlist file controle_spi_potentiostat.edif ...
ngc2edif: Total memory usage is 84056 kilobytes

Release 14.7 - ngc2edif P.20131013 (nt64)
Copyright (c) 1995-2013 Xilinx, Inc.  All rights reserved.
Reading design serial_rx.ngc ...
WARNING:NetListWriters:298 - No output is written to serial_rx.xncf, ignored.
Processing design ...
   Preping design's networks ...
   Preping design's macros ...
  finished :Prep
Writing EDIF netlist file serial_rx.edif ...
ngc2edif: Total memory usage is 84056 kilobytes

Release 14.7 - ngc2edif P.20131013 (nt64)
Copyright (c) 1995-2013 Xilinx, Inc.  All rights reserved.
Reading design serial_rx.ngc ...
WARNING:NetListWriters:298 - No output is written to serial_rx.xncf, ignored.
Processing design ...
   Preping design's networks ...
   Preping design's macros ...
  finished :Prep
Writing EDIF netlist file serial_rx.edif ...
ngc2edif: Total memory usage is 84056 kilobytes

