--------------------------------------------------------------------------------
Release 14.7 Trace  (nt64)
Copyright (c) 1995-2013 Xilinx, Inc.  All rights reserved.

C:\Xilinx\14.7\ISE_DS\ISE\bin\nt64\unwrapped\trce.exe -intstyle ise -v 3 -s 2
-n 3 -fastpaths -xml serial_rx.twx serial_rx.ncd -o serial_rx.twr serial_rx.pcf
-ucf controle_spi_potentiostat.ucf

Design file:              serial_rx.ncd
Physical constraint file: serial_rx.pcf
Device,package,speed:     xc6slx9,tqg144,C,-2 (PRODUCTION 1.23 2013-10-13)
Report level:             verbose report

Environment Variable      Effect 
--------------------      ------ 
NONE                      No environment variables were set
--------------------------------------------------------------------------------

INFO:Timing:2698 - No timing constraints found, doing default enumeration.
INFO:Timing:3412 - To improve timing, see the Timing Closure User Guide (UG612).
INFO:Timing:2752 - To get complete path coverage, use the unconstrained paths 
   option. All paths that are not constrained will be reported in the 
   unconstrained paths section(s) of the report.
INFO:Timing:3339 - The clock-to-out numbers in this timing report are based on 
   a 50 Ohm transmission line loading model.  For the details of this model, 
   and for more information on accounting for different loading conditions, 
   please see the device datasheet.



Data Sheet report:
-----------------
All values displayed in nanoseconds (ns)

Setup/Hold to clock clk
------------+------------+------------+------------+------------+------------------+--------+
            |Max Setup to|  Process   |Max Hold to |  Process   |                  | Clock  |
Source      | clk (edge) |   Corner   | clk (edge) |   Corner   |Internal Clock(s) | Phase  |
------------+------------+------------+------------+------------+------------------+--------+
rst         |    3.686(R)|      SLOW  |   -0.964(R)|      FAST  |clk_BUFGP         |   0.000|
rx          |    2.658(R)|      SLOW  |   -0.905(R)|      FAST  |clk_BUFGP         |   0.000|
------------+------------+------------+------------+------------+------------------+--------+

Clock clk to Pad
------------+-----------------+------------+-----------------+------------+------------------+--------+
            |Max (slowest) clk|  Process   |Min (fastest) clk|  Process   |                  | Clock  |
Destination |  (edge) to PAD  |   Corner   |  (edge) to PAD  |   Corner   |Internal Clock(s) | Phase  |
------------+-----------------+------------+-----------------+------------+------------------+--------+
data<0>     |        10.968(R)|      SLOW  |         4.975(R)|      FAST  |clk_BUFGP         |   0.000|
data<1>     |        10.811(R)|      SLOW  |         4.897(R)|      FAST  |clk_BUFGP         |   0.000|
data<2>     |        10.873(R)|      SLOW  |         4.976(R)|      FAST  |clk_BUFGP         |   0.000|
data<3>     |        10.842(R)|      SLOW  |         4.935(R)|      FAST  |clk_BUFGP         |   0.000|
data<4>     |        11.235(R)|      SLOW  |         5.258(R)|      FAST  |clk_BUFGP         |   0.000|
data<5>     |        11.315(R)|      SLOW  |         5.322(R)|      FAST  |clk_BUFGP         |   0.000|
data<6>     |        11.494(R)|      SLOW  |         5.437(R)|      FAST  |clk_BUFGP         |   0.000|
data<7>     |        11.316(R)|      SLOW  |         5.349(R)|      FAST  |clk_BUFGP         |   0.000|
new_data    |        10.123(R)|      SLOW  |         4.548(R)|      FAST  |clk_BUFGP         |   0.000|
------------+-----------------+------------+-----------------+------------+------------------+--------+

Clock to Setup on destination clock clk
---------------+---------+---------+---------+---------+
               | Src:Rise| Src:Fall| Src:Rise| Src:Fall|
Source Clock   |Dest:Rise|Dest:Rise|Dest:Fall|Dest:Fall|
---------------+---------+---------+---------+---------+
clk            |    3.591|         |         |         |
---------------+---------+---------+---------+---------+


Analysis completed Wed May 03 09:48:27 2017 
--------------------------------------------------------------------------------

Trace Settings:
-------------------------
Trace Settings 

Peak Memory Usage: 244 MB



