Release 14.7 - xst P.20131013 (nt64)
Copyright (c) 1995-2013 Xilinx, Inc.  All rights reserved.
--> Parameter TMPDIR set to xst/projnav.tmp


Total REAL time to Xst completion: 0.00 secs
Total CPU time to Xst completion: 0.10 secs
 
--> Parameter xsthdpdir set to xst


Total REAL time to Xst completion: 0.00 secs
Total CPU time to Xst completion: 0.10 secs
 
--> Reading design: serial_rx.prj

TABLE OF CONTENTS
  1) Synthesis Options Summary
  2) HDL Parsing
  3) HDL Elaboration
  4) HDL Synthesis
       4.1) HDL Synthesis Report
  5) Advanced HDL Synthesis
       5.1) Advanced HDL Synthesis Report
  6) Low Level Synthesis
  7) Partition Report
  8) Design Summary
       8.1) Primitive and Black Box Usage
       8.2) Device utilization summary
       8.3) Partition Resource Summary
       8.4) Timing Report
            8.4.1) Clock Information
            8.4.2) Asynchronous Control Signals Information
            8.4.3) Timing Summary
            8.4.4) Timing Details
            8.4.5) Cross Clock Domains Report


=========================================================================
*                      Synthesis Options Summary                        *
=========================================================================
---- Source Parameters
Input File Name                    : "serial_rx.prj"
Ignore Synthesis Constraint File   : NO

---- Target Parameters
Output File Name                   : "serial_rx"
Output Format                      : NGC
Target Device                      : xc6slx9-2-tqg144

---- Source Options
Top Module Name                    : serial_rx
Automatic FSM Extraction           : YES
FSM Encoding Algorithm             : Auto
Safe Implementation                : No
FSM Style                          : LUT
RAM Extraction                     : Yes
RAM Style                          : Auto
ROM Extraction                     : Yes
Shift Register Extraction          : YES
ROM Style                          : Auto
Resource Sharing                   : YES
Asynchronous To Synchronous        : NO
Shift Register Minimum Size        : 2
Use DSP Block                      : Auto
Automatic Register Balancing       : No

---- Target Options
LUT Combining                      : Auto
Reduce Control Sets                : Auto
Add IO Buffers                     : YES
Global Maximum Fanout              : 100000
Add Generic Clock Buffer(BUFG)     : 16
Register Duplication               : YES
Optimize Instantiated Primitives   : NO
Use Clock Enable                   : Auto
Use Synchronous Set                : Auto
Use Synchronous Reset              : Auto
Pack IO Registers into IOBs        : Auto
Equivalent register Removal        : YES

---- General Options
Optimization Goal                  : Speed
Optimization Effort                : 1
Power Reduction                    : NO
Keep Hierarchy                     : No
Netlist Hierarchy                  : As_Optimized
RTL Output                         : Yes
Global Optimization                : AllClockNets
Read Cores                         : YES
Write Timing Constraints           : NO
Cross Clock Analysis               : NO
Hierarchy Separator                : /
Bus Delimiter                      : <>
Case Specifier                     : Maintain
Slice Utilization Ratio            : 100
BRAM Utilization Ratio             : 100
DSP48 Utilization Ratio            : 100
Auto BRAM Packing                  : NO
Slice Utilization Ratio Delta      : 5

=========================================================================


=========================================================================
*                          HDL Parsing                                  *
=========================================================================
Analyzing Verilog file "C:\Users\Mathieu\Desktop\projet_stage_ete2017\modules_controle_board\serial_rx.v" into library work
Parsing module <serial_rx>.
INFO:HDLCompiler:693 - "C:\Users\Mathieu\Desktop\projet_stage_ete2017\modules_controle_board\serial_rx.v" Line 12. parameter declaration becomes local in serial_rx with formal parameter declaration list

=========================================================================
*                            HDL Elaboration                            *
=========================================================================

Elaborating module <serial_rx>.

=========================================================================
*                           HDL Synthesis                               *
=========================================================================

Synthesizing Unit <serial_rx>.
    Related source file is "C:\Users\Mathieu\Desktop\projet_stage_ete2017\modules_controle_board\serial_rx.v".
        CLK_PER_BIT = 50
    Found 3-bit register for signal <bit_ctr_q>.
    Found 1-bit register for signal <new_data>.
    Found 2-bit register for signal <state_q>.
    Found 1-bit register for signal <rx_q>.
    Found 8-bit register for signal <data>.
    Found 6-bit register for signal <ctr_q>.
    Found finite state machine <FSM_0> for signal <state_q>.
    -----------------------------------------------------------------------
    | States             | 4                                              |
    | Transitions        | 9                                              |
    | Inputs             | 4                                              |
    | Outputs            | 2                                              |
    | Clock              | clk (rising_edge)                              |
    | Reset              | rst (positive)                                 |
    | Reset type         | synchronous                                    |
    | Reset State        | 00                                             |
    | Power Up State     | 00                                             |
    | Encoding           | auto                                           |
    | Implementation     | LUT                                            |
    -----------------------------------------------------------------------
    Found 6-bit adder for signal <ctr_q[5]_GND_1_o_add_7_OUT> created at line 54.
    Found 3-bit adder for signal <bit_ctr_q[2]_GND_1_o_add_9_OUT> created at line 57.
    Summary:
	inferred   2 Adder/Subtractor(s).
	inferred  19 D-type flip-flop(s).
	inferred   7 Multiplexer(s).
	inferred   1 Finite State Machine(s).
Unit <serial_rx> synthesized.

=========================================================================
HDL Synthesis Report

Macro Statistics
# Adders/Subtractors                                   : 2
 3-bit adder                                           : 1
 6-bit adder                                           : 1
# Registers                                            : 5
 1-bit register                                        : 2
 3-bit register                                        : 1
 6-bit register                                        : 1
 8-bit register                                        : 1
# Multiplexers                                         : 7
 1-bit 2-to-1 multiplexer                              : 2
 3-bit 2-to-1 multiplexer                              : 1
 6-bit 2-to-1 multiplexer                              : 4
# FSMs                                                 : 1

=========================================================================

=========================================================================
*                       Advanced HDL Synthesis                          *
=========================================================================


Synthesizing (advanced) Unit <serial_rx>.
The following registers are absorbed into counter <bit_ctr_q>: 1 register on signal <bit_ctr_q>.
Unit <serial_rx> synthesized (advanced).

=========================================================================
Advanced HDL Synthesis Report

Macro Statistics
# Adders/Subtractors                                   : 1
 6-bit adder                                           : 1
# Counters                                             : 1
 3-bit up counter                                      : 1
# Registers                                            : 16
 Flip-Flops                                            : 16
# Multiplexers                                         : 6
 1-bit 2-to-1 multiplexer                              : 2
 6-bit 2-to-1 multiplexer                              : 4
# FSMs                                                 : 1

=========================================================================

=========================================================================
*                         Low Level Synthesis                           *
=========================================================================
Analyzing FSM <MFsm> for best encoding.
Optimizing FSM <FSM_0> on signal <state_q[1:2]> with gray encoding.
-------------------
 State | Encoding
-------------------
 00    | 00
 01    | 01
 10    | 11
 11    | 10
-------------------

Optimizing unit <serial_rx> ...

Mapping all equations...
Building and optimizing final netlist ...
Found area constraint ratio of 100 (+ 5) on block serial_rx, actual ratio is 0.

Final Macro Processing ...

=========================================================================
Final Register Report

Macro Statistics
# Registers                                            : 21
 Flip-Flops                                            : 21

=========================================================================

=========================================================================
*                           Partition Report                            *
=========================================================================

Partition Implementation Status
-------------------------------

  No Partitions were found in this design.

-------------------------------

=========================================================================
*                            Design Summary                             *
=========================================================================

Top Level Output File Name         : serial_rx.ngc

Primitive and Black Box Usage:
------------------------------
# BELS                             : 41
#      LUT2                        : 3
#      LUT3                        : 13
#      LUT4                        : 4
#      LUT5                        : 2
#      LUT6                        : 19
# FlipFlops/Latches                : 21
#      FD                          : 9
#      FDR                         : 6
#      FDRE                        : 6
# Clock Buffers                    : 1
#      BUFGP                       : 1
# IO Buffers                       : 11
#      IBUF                        : 2
#      OBUF                        : 9

Device utilization summary:
---------------------------

Selected Device : 6slx9tqg144-2 


Slice Logic Utilization: 
 Number of Slice Registers:              21  out of  11440     0%  
 Number of Slice LUTs:                   41  out of   5720     0%  
    Number used as Logic:                41  out of   5720     0%  

Slice Logic Distribution: 
 Number of LUT Flip Flop pairs used:     42
   Number with an unused Flip Flop:      21  out of     42    50%  
   Number with an unused LUT:             1  out of     42     2%  
   Number of fully used LUT-FF pairs:    20  out of     42    47%  
   Number of unique control sets:         3

IO Utilization: 
 Number of IOs:                          12
 Number of bonded IOBs:                  12  out of    102    11%  

Specific Feature Utilization:
 Number of BUFG/BUFGCTRLs:                1  out of     16     6%  

---------------------------
Partition Resource Summary:
---------------------------

  No Partitions were found in this design.

---------------------------


=========================================================================
Timing Report

NOTE: THESE TIMING NUMBERS ARE ONLY A SYNTHESIS ESTIMATE.
      FOR ACCURATE TIMING INFORMATION PLEASE REFER TO THE TRACE REPORT
      GENERATED AFTER PLACE-and-ROUTE.

Clock Information:
------------------
-----------------------------------+------------------------+-------+
Clock Signal                       | Clock buffer(FF name)  | Load  |
-----------------------------------+------------------------+-------+
clk                                | BUFGP                  | 21    |
-----------------------------------+------------------------+-------+

Asynchronous Control Signals Information:
----------------------------------------
No asynchronous control signals found in this design

Timing Summary:
---------------
Speed Grade: -2

   Minimum period: 3.435ns (Maximum Frequency: 291.121MHz)
   Minimum input arrival time before clock: 2.855ns
   Maximum output required time after clock: 4.240ns
   Maximum combinational path delay: No path found

Timing Details:
---------------
All values displayed in nanoseconds (ns)

=========================================================================
Timing constraint: Default period analysis for Clock 'clk'
  Clock period: 3.435ns (frequency: 291.121MHz)
  Total number of paths / destination ports: 223 / 26
-------------------------------------------------------------------------
Delay:               3.435ns (Levels of Logic = 2)
  Source:            ctr_q_2 (FF)
  Destination:       new_data_q (FF)
  Source Clock:      clk rising
  Destination Clock: clk rising

  Data Path: ctr_q_2 to new_data_q
                                Gate     Net
    Cell:in->out      fanout   Delay   Delay  Logical Name (Net Name)
    ----------------------------------------  ------------
     FDRE:C->Q             7   0.525   1.138  ctr_q_2 (ctr_q_2)
     LUT4:I1->O           17   0.235   1.209  GND_1_o_GND_1_o_equal_5_o<5>11 (GND_1_o_GND_1_o_equal_5_o<5>1)
     LUT6:I5->O            1   0.254   0.000  bit_ctr_q_0_rstpot (bit_ctr_q_0_rstpot)
     FDR:D                     0.074          bit_ctr_q_0
    ----------------------------------------
    Total                      3.435ns (1.088ns logic, 2.347ns route)
                                       (31.7% logic, 68.3% route)

=========================================================================
Timing constraint: Default OFFSET IN BEFORE for Clock 'clk'
  Total number of paths / destination ports: 13 / 13
-------------------------------------------------------------------------
Offset:              2.855ns (Levels of Logic = 1)
  Source:            rst (PAD)
  Destination:       new_data_q (FF)
  Destination Clock: clk rising

  Data Path: rst to new_data_q
                                Gate     Net
    Cell:in->out      fanout   Delay   Delay  Logical Name (Net Name)
    ----------------------------------------  ------------
     IBUF:I->O            12   1.328   1.068  rst_IBUF (rst_IBUF)
     FDR:R                     0.459          new_data_q
    ----------------------------------------
    Total                      2.855ns (1.787ns logic, 1.068ns route)
                                       (62.6% logic, 37.4% route)

=========================================================================
Timing constraint: Default OFFSET OUT AFTER for Clock 'clk'
  Total number of paths / destination ports: 9 / 9
-------------------------------------------------------------------------
Offset:              4.240ns (Levels of Logic = 1)
  Source:            data_q_7 (FF)
  Destination:       data<7> (PAD)
  Source Clock:      clk rising

  Data Path: data_q_7 to data<7>
                                Gate     Net
    Cell:in->out      fanout   Delay   Delay  Logical Name (Net Name)
    ----------------------------------------  ------------
     FD:C->Q               4   0.525   0.803  data_q_7 (data_q_7)
     OBUF:I->O                 2.912          data_7_OBUF (data<7>)
    ----------------------------------------
    Total                      4.240ns (3.437ns logic, 0.803ns route)
                                       (81.1% logic, 18.9% route)

=========================================================================

Cross Clock Domains Report:
--------------------------

Clock to Setup on destination clock clk
---------------+---------+---------+---------+---------+
               | Src:Rise| Src:Fall| Src:Rise| Src:Fall|
Source Clock   |Dest:Rise|Dest:Rise|Dest:Fall|Dest:Fall|
---------------+---------+---------+---------+---------+
clk            |    3.435|         |         |         |
---------------+---------+---------+---------+---------+

=========================================================================


Total REAL time to Xst completion: 6.00 secs
Total CPU time to Xst completion: 6.07 secs
 
--> 

Total memory usage is 282476 kilobytes

Number of errors   :    0 (   0 filtered)
Number of warnings :    0 (   0 filtered)
Number of infos    :    0 (   0 filtered)

