
****** PlanAhead v14.7 (64-bit)
  **** Build 321239 by xbuild on Fri Sep 27 19:29:51 MDT 2013
    ** Copyright 1986-1999, 2001-2013 Xilinx, Inc. All Rights Reserved.

INFO: [Common 17-78] Attempting to get a license: PlanAhead
INFO: [Common 17-290] Got license for PlanAhead
INFO: [Device 21-36] Loading parts and site information from C:/Xilinx/14.7/ISE_DS/PlanAhead/data/parts/arch.xml
Parsing RTL primitives file [C:/Xilinx/14.7/ISE_DS/PlanAhead/data/parts/xilinx/rtl/prims/rtl_prims.xml]
Finished parsing RTL primitives file [C:/Xilinx/14.7/ISE_DS/PlanAhead/data/parts/xilinx/rtl/prims/rtl_prims.xml]
start_gui
source C:/Users/Mathieu/Desktop/projet_stage_ete2017/modules_controle_board/pa.fromNetlist.tcl
# create_project -name modules_controle_board -dir "C:/Users/Mathieu/Desktop/projet_stage_ete2017/modules_controle_board/planAhead_run_4" -part xc6slx9tqg144-2
# set_property design_mode GateLvl [get_property srcset [current_run -impl]]
# set_property edif_top_file "C:/Users/Mathieu/Desktop/projet_stage_ete2017/modules_controle_board/serial_rx.ngc" [ get_property srcset [ current_run ] ]
# add_files -norecurse { {C:/Users/Mathieu/Desktop/projet_stage_ete2017/modules_controle_board} }
# set_param project.pinAheadLayout  yes
# set_property target_constrs_file "controle_spi_potentiostat.ucf" [current_fileset -constrset]
Adding file 'C:/Users/Mathieu/Desktop/projet_stage_ete2017/modules_controle_board/controle_spi_potentiostat.ucf' to fileset 'constrs_1'
# add_files [list {controle_spi_potentiostat.ucf}] -fileset [get_property constrset [current_run]]
# link_design
Design is defaulting to srcset: sources_1
Design is defaulting to constrset: constrs_1
Design is defaulting to project part: xc6slx9tqg144-2
Release 14.7 - ngc2edif P.20131013 (nt64)
Copyright (c) 1995-2013 Xilinx, Inc.  All rights reserved.
Reading design serial_rx.ngc ...
WARNING:NetListWriters:298 - No output is written to serial_rx.xncf, ignored.
Processing design ...
   Preping design's networks ...
   Preping design's macros ...
  finished :Prep
Writing EDIF netlist file serial_rx.edif ...
ngc2edif: Total memory usage is 84056 kilobytes

Parsing EDIF File [./planAhead_run_4/modules_controle_board.data/cache/serial_rx_ngc_zx.edif]
Finished Parsing EDIF File [./planAhead_run_4/modules_controle_board.data/cache/serial_rx_ngc_zx.edif]
INFO: [Netlist 29-17] Analyzing 1 Unisim elements for replacement
INFO: [Netlist 29-28] Unisim Transformation completed in 0 CPU seconds
Loading clock regions from C:/Xilinx/14.7/ISE_DS/PlanAhead/data\parts/xilinx/spartan6/spartan6lx/xc6slx9/ClockRegion.xml
Loading clock buffers from C:/Xilinx/14.7/ISE_DS/PlanAhead/data\parts/xilinx/spartan6/spartan6lx/xc6slx9/ClockBuffers.xml
Loading package pin functions from C:/Xilinx/14.7/ISE_DS/PlanAhead/data\parts/xilinx/spartan6/PinFunctions.xml...
Loading package from C:/Xilinx/14.7/ISE_DS/PlanAhead/data\parts/xilinx/spartan6/spartan6lx/xc6slx9/tqg144/Package.xml
Loading io standards from C:/Xilinx/14.7/ISE_DS/PlanAhead/data\./parts/xilinx/spartan6/IOStandards.xml
Loading device configuration modes from C:/Xilinx/14.7/ISE_DS/PlanAhead/data\parts/xilinx/spartan6/ConfigModes.xml
Loading list of drcs for the architecture : C:/Xilinx/14.7/ISE_DS/PlanAhead/data\./parts/xilinx/spartan6/drc.xml
Parsing UCF File [C:/Users/Mathieu/Desktop/projet_stage_ete2017/modules_controle_board/controle_spi_potentiostat.ucf]
Finished Parsing UCF File [C:/Users/Mathieu/Desktop/projet_stage_ete2017/modules_controle_board/controle_spi_potentiostat.ucf]
INFO: [Project 1-111] Unisim Transformation Summary:
  A total of 1 instances were transformed.
  BUFGP => BUFGP (IBUF, BUFG): 1 instances

Phase 0 | Netlist Checksum: 21d5aabe
link_design: Time (s): elapsed = 00:00:10 . Memory (MB): peak = 601.543 ; gain = 174.371
startgroup
set_property package_pin P56 [get_ports clk]
endgroup
startgroup
set_property package_pin P55 [get_ports rx]
endgroup
save_constraints
exit
ERROR: [Common 17-39] 'stop_gui' failed due to earlier errors.
INFO: [Common 17-206] Exiting PlanAhead at Wed May 03 09:47:32 2017...
INFO: [Common 17-83] Releasing license: PlanAhead
