Command line:
   controle_spi_potentiostat_tb_isim_translate.exe
     -simmode  gui
     -simrunnum  0
     -socket  52770

Wed May 03 09:28:23 2017


 Elaboration Time: 0.40625 sec

 Current Memory Usage: 1349.19 Meg

 Total Signals          : 676
 Total Nets             : 472
 Total Signal Drivers   : 448
 Total Blocks           : 146
 Total Primitive Blocks : 87
 Total Processes        : 448
 Total Traceable Variables  : 1101
 Total Scalar Nets and Variables : 6921
Total Line Count : 1460

 Total Simulation Time: 0.515625 sec

 Current Memory Usage: 1349.19 Meg

Wed May 03 09:28:45 2017

